2025-05-20 21:50:28.119 | INFO     | __main__:main:69 - Starting data preparation...
2025-05-20 21:50:28.121 | INFO     | __main__:read_raw_data:43 - READING: C:\Repos\smart-store-michaelcarter\data\raw\customers_data.csv.
2025-05-20 21:50:28.156 | INFO     | __main__:process_data:58 - Processing data for customers_data.csv.
2025-05-20 21:50:28.157 | INFO     | __main__:process_data:59 - Data shape (ct of rows, ct of columns): (201, 4).
2025-05-20 21:50:28.158 | INFO     | __main__:process_data:60 - Data columns: ['CustomerID', 'Name', 'Region', 'JoinDate'].
2025-05-20 21:50:28.159 | INFO     | __main__:read_raw_data:43 - READING: C:\Repos\smart-store-michaelcarter\data\raw\products_data.csv.
2025-05-20 21:50:28.185 | INFO     | __main__:process_data:58 - Processing data for products_data.csv.
2025-05-20 21:50:28.185 | INFO     | __main__:process_data:59 - Data shape (ct of rows, ct of columns): (100, 4).
2025-05-20 21:50:28.186 | INFO     | __main__:process_data:60 - Data columns: ['ProductID', 'ProductName', 'Category', 'UnitPrice'].
2025-05-20 21:50:28.186 | INFO     | __main__:read_raw_data:43 - READING: C:\Repos\smart-store-michaelcarter\data\raw\sales_data.csv.
2025-05-20 21:50:28.221 | INFO     | __main__:process_data:58 - Processing data for sales_data.csv.
2025-05-20 21:50:28.221 | INFO     | __main__:process_data:59 - Data shape (ct of rows, ct of columns): (2001, 7).
2025-05-20 21:50:28.222 | INFO     | __main__:process_data:60 - Data columns: ['TransactionID', 'SaleDate', 'CustomerID', 'ProductID', 'StoreID', 'CampaignID', 'SaleAmount'].
2025-05-20 21:50:28.222 | INFO     | __main__:main:84 - Data preparation complete.
2025-05-20 22:15:22.378 | INFO     | __main__:main:69 - Starting data preparation...
2025-05-20 22:15:22.380 | INFO     | __main__:read_raw_data:43 - READING: C:\Repos\smart-store-michaelcarter\data\raw\customers_data.csv.
2025-05-20 22:15:22.385 | INFO     | __main__:process_data:58 - Processing data for customers_data.csv.
2025-05-20 22:15:22.386 | INFO     | __main__:process_data:59 - Data shape (ct of rows, ct of columns): (201, 4).
2025-05-20 22:15:22.387 | INFO     | __main__:process_data:60 - Data columns: ['CustomerID', 'Name', 'Region', 'JoinDate'].
2025-05-20 22:15:22.387 | INFO     | __main__:read_raw_data:43 - READING: C:\Repos\smart-store-michaelcarter\data\raw\products_data.csv.
2025-05-20 22:15:22.390 | INFO     | __main__:process_data:58 - Processing data for products_data.csv.
2025-05-20 22:15:22.391 | INFO     | __main__:process_data:59 - Data shape (ct of rows, ct of columns): (100, 4).
2025-05-20 22:15:22.391 | INFO     | __main__:process_data:60 - Data columns: ['ProductID', 'ProductName', 'Category', 'UnitPrice'].
2025-05-20 22:15:22.392 | INFO     | __main__:read_raw_data:43 - READING: C:\Repos\smart-store-michaelcarter\data\raw\sales_data.csv.
2025-05-20 22:15:22.401 | INFO     | __main__:process_data:58 - Processing data for sales_data.csv.
2025-05-20 22:15:22.401 | INFO     | __main__:process_data:59 - Data shape (ct of rows, ct of columns): (2001, 7).
2025-05-20 22:15:22.403 | INFO     | __main__:process_data:60 - Data columns: ['TransactionID', 'SaleDate', 'CustomerID', 'ProductID', 'StoreID', 'CampaignID', 'SaleAmount'].
2025-05-20 22:15:22.403 | INFO     | __main__:main:84 - Data preparation complete.
